<?xml version="1.0" encoding="UTF-8"?>
<coverage generated="1687530883660" clover="3.2.0">
  <project timestamp="1687530883660" name="All files">
    <metrics statements="24" coveredstatements="24" conditionals="10" coveredconditionals="9" methods="2" coveredmethods="2" elements="36" coveredelements="35" complexity="0" loc="24" ncloc="24" packages="1" files="2" classes="2"/>
    <file name="index.js" path="/Users/sasha/frontend-project-46/index.js">
      <metrics statements="17" coveredstatements="17" conditionals="10" coveredconditionals="9" methods="1" coveredmethods="1"/>
      <line num="5" count="1" type="stmt"/>
      <line num="6" count="1" type="stmt"/>
      <line num="7" count="1" type="stmt"/>
      <line num="9" count="1" type="stmt"/>
      <line num="11" count="1" type="stmt"/>
      <line num="13" count="1" type="stmt"/>
      <line num="14" count="5" type="cond" truecount="4" falsecount="0"/>
      <line num="15" count="2" type="cond" truecount="2" falsecount="0"/>
      <line num="16" count="1" type="stmt"/>
      <line num="18" count="1" type="stmt"/>
      <line num="19" count="1" type="stmt"/>
      <line num="21" count="3" type="cond" truecount="2" falsecount="0"/>
      <line num="22" count="2" type="stmt"/>
      <line num="23" count="1" type="cond" truecount="1" falsecount="1"/>
      <line num="24" count="1" type="stmt"/>
      <line num="27" count="1" type="stmt"/>
      <line num="29" count="1" type="stmt"/>
    </file>
    <file name="utils.js" path="/Users/sasha/frontend-project-46/utils.js">
      <metrics statements="7" coveredstatements="7" conditionals="0" coveredconditionals="0" methods="1" coveredmethods="1"/>
      <line num="6" count="1" type="stmt"/>
      <line num="7" count="2" type="stmt"/>
      <line num="9" count="2" type="stmt"/>
      <line num="11" count="2" type="stmt"/>
      <line num="13" count="2" type="stmt"/>
      <line num="15" count="2" type="stmt"/>
      <line num="17" count="2" type="stmt"/>
    </file>
  </project>
</coverage>
