{"/Users/sasha/frontend-project-46/index.js": {"path":"/Users/sasha/frontend-project-46/index.js","statementMap":{"0":{"start":{"line":5,"column":16},"end":{"line":30,"column":1}},"1":{"start":{"line":6,"column":20},"end":{"line":6,"column":38}},"2":{"start":{"line":7,"column":21},"end":{"line":7,"column":40}},"3":{"start":{"line":9,"column":15},"end":{"line":9,"column":69}},"4":{"start":{"line":11,"column":15},"end":{"line":11,"column":20}},"5":{"start":{"line":13,"column":2},"end":{"line":26,"column":3}},"6":{"start":{"line":14,"column":4},"end":{"line":25,"column":5}},"7":{"start":{"line":15,"column":6},"end":{"line":20,"column":7}},"8":{"start":{"line":16,"column":8},"end":{"line":16,"column":52}},"9":{"start":{"line":18,"column":8},"end":{"line":18,"column":52}},"10":{"start":{"line":19,"column":8},"end":{"line":19,"column":53}},"11":{"start":{"line":21,"column":11},"end":{"line":25,"column":5}},"12":{"start":{"line":22,"column":6},"end":{"line":22,"column":50}},"13":{"start":{"line":23,"column":11},"end":{"line":25,"column":5}},"14":{"start":{"line":24,"column":6},"end":{"line":24,"column":51}},"15":{"start":{"line":27,"column":2},"end":{"line":27,"column":16}},"16":{"start":{"line":29,"column":2},"end":{"line":29,"column":16}}},"fnMap":{"0":{"name":"(anonymous_0)","decl":{"start":{"line":5,"column":16},"end":{"line":5,"column":17}},"loc":{"start":{"line":5,"column":43},"end":{"line":30,"column":1}},"line":5}},"branchMap":{"0":{"loc":{"start":{"line":14,"column":4},"end":{"line":25,"column":5}},"type":"if","locations":[{"start":{"line":14,"column":4},"end":{"line":25,"column":5}},{"start":{"line":21,"column":11},"end":{"line":25,"column":5}}],"line":14},"1":{"loc":{"start":{"line":14,"column":8},"end":{"line":14,"column":69}},"type":"binary-expr","locations":[{"start":{"line":14,"column":8},"end":{"line":14,"column":36}},{"start":{"line":14,"column":40},"end":{"line":14,"column":69}}],"line":14},"2":{"loc":{"start":{"line":15,"column":6},"end":{"line":20,"column":7}},"type":"if","locations":[{"start":{"line":15,"column":6},"end":{"line":20,"column":7}},{"start":{"line":17,"column":13},"end":{"line":20,"column":7}}],"line":15},"3":{"loc":{"start":{"line":21,"column":11},"end":{"line":25,"column":5}},"type":"if","locations":[{"start":{"line":21,"column":11},"end":{"line":25,"column":5}},{"start":{"line":23,"column":11},"end":{"line":25,"column":5}}],"line":21},"4":{"loc":{"start":{"line":23,"column":11},"end":{"line":25,"column":5}},"type":"if","locations":[{"start":{"line":23,"column":11},"end":{"line":25,"column":5}},{"start":{},"end":{}}],"line":23}},"s":{"0":1,"1":1,"2":1,"3":1,"4":1,"5":1,"6":5,"7":2,"8":1,"9":1,"10":1,"11":3,"12":2,"13":1,"14":1,"15":1,"16":1},"f":{"0":1},"b":{"0":[2,3],"1":[5,4],"2":[1,1],"3":[2,1],"4":[1,0]},"_coverageSchema":"1a1c01bbd47fc00a2c39e90264f33305004495a9","hash":"3446340b9b96e17059c7b4c58da49ab30a9c293c"}
,"/Users/sasha/frontend-project-46/utils.js": {"path":"/Users/sasha/frontend-project-46/utils.js","statementMap":{"0":{"start":{"line":6,"column":16},"end":{"line":18,"column":1}},"1":{"start":{"line":7,"column":21},"end":{"line":7,"column":51}},"2":{"start":{"line":9,"column":20},"end":{"line":9,"column":39}},"3":{"start":{"line":11,"column":23},"end":{"line":11,"column":42}},"4":{"start":{"line":13,"column":23},"end":{"line":13,"column":76}},"5":{"start":{"line":15,"column":17},"end":{"line":15,"column":55}},"6":{"start":{"line":17,"column":2},"end":{"line":17,"column":28}}},"fnMap":{"0":{"name":"(anonymous_0)","decl":{"start":{"line":6,"column":16},"end":{"line":6,"column":17}},"loc":{"start":{"line":6,"column":30},"end":{"line":18,"column":1}},"line":6}},"branchMap":{},"s":{"0":1,"1":2,"2":2,"3":2,"4":2,"5":2,"6":2},"f":{"0":2},"b":{},"_coverageSchema":"1a1c01bbd47fc00a2c39e90264f33305004495a9","hash":"48f6a38aec2c83c809e51017bf7d93e4a4b34bc6"}
}
