TN:
SF:index.js
FN:5,(anonymous_0)
FNF:1
FNH:1
FNDA:1,(anonymous_0)
DA:5,1
DA:6,1
DA:7,1
DA:9,1
DA:11,1
DA:13,1
DA:14,5
DA:15,2
DA:16,1
DA:18,1
DA:19,1
DA:21,3
DA:22,2
DA:23,1
DA:24,1
DA:27,1
DA:29,1
LF:17
LH:17
BRDA:14,0,0,2
BRDA:14,0,1,3
BRDA:14,1,0,5
BRDA:14,1,1,4
BRDA:15,2,0,1
BRDA:15,2,1,1
BRDA:21,3,0,2
BRDA:21,3,1,1
BRDA:23,4,0,1
BRDA:23,4,1,0
BRF:10
BRH:9
end_of_record
TN:
SF:utils.js
FN:6,(anonymous_0)
FNF:1
FNH:1
FNDA:2,(anonymous_0)
DA:6,1
DA:7,2
DA:9,2
DA:11,2
DA:13,2
DA:15,2
DA:17,2
LF:7
LH:7
BRF:0
BRH:0
end_of_record
